<?xml version="1.0" encoding="UTF-8"?><testsuite errors="0" failures="1" name="I as a user need to create an account to add products to the cart" skipped="0" tests="1" time="49.27" timestamp="2023-03-03 12:30:28"><testcase name="Create Register"><failure message="Expected enabled element was not enabled" type="net.thucydides.core.webdriver.exceptions.ElementShouldBeEnabledException">Expected enabled element was not enabled</failure><system-err>Expected enabled element was not enabled&#13;
com.booking.certificacion.tasks.BookHotel.performAs(BookHotel.java:23)&#13;
com.booking.certificacion.stepdefinitions.StaysStepDefinitions.heEntersTheReservationInformation(StaysStepDefinitions.java:33)&#13;
cucumber.runner.Runner.runPickle(Runner.java:80)&#13;
worker.org.gradle.process.internal.worker.GradleWorkerMain.run(GradleWorkerMain.java:69)&#13;
worker.org.gradle.process.internal.worker.GradleWorkerMain.main(GradleWorkerMain.java:74)&#13;
</system-err></testcase></testsuite>